[debug] [2023-05-11T04:25:18.670Z] ----------------------------------------------------------------------
[debug] [2023-05-11T04:25:18.679Z] Command:       C:\Program Files\nodejs\node.exe C:\Users\Usuario\AppData\Roaming\npm\node_modules\firebase-tools\lib\bin\firebase.js init
[debug] [2023-05-11T04:25:18.680Z] CLI Version:   12.0.0
[debug] [2023-05-11T04:25:18.682Z] Platform:      win32
[debug] [2023-05-11T04:25:18.683Z] Node Version:  v18.15.0
[debug] [2023-05-11T04:25:18.686Z] Time:          Thu May 11 2023 01:25:18 GMT-0300 (hora estándar de Argentina)
[debug] [2023-05-11T04:25:18.687Z] ----------------------------------------------------------------------
[debug] 
[debug] [2023-05-11T04:25:19.013Z] > command requires scopes: ["email","openid","https://www.googleapis.com/auth/cloudplatformprojects.readonly","https://www.googleapis.com/auth/firebase","https://www.googleapis.com/auth/cloud-platform"]
[debug] [2023-05-11T04:25:19.016Z] > authorizing via signed-in user (bernardo.borras.1994@gmail.com)
[info] 
     ######## #### ########  ######## ########     ###     ######  ########
     ##        ##  ##     ## ##       ##     ##  ##   ##  ##       ##
     ######    ##  ########  ######   ########  #########  ######  ######
     ##        ##  ##    ##  ##       ##     ## ##     ##       ## ##
     ##       #### ##     ## ######## ########  ##     ##  ######  ########

You're about to initialize a Firebase project in this directory:

  C:\Users\Usuario\Desktop\YoProgramo\Front End\Proyecto_FrontEnd

Before we get started, keep in mind:

  * You are initializing within an existing Firebase project directory

